\BOOKMARK [0][-]{chapter*.1}{Introduction}{}% 1
\BOOKMARK [0][-]{chapter.1}{Analyse lexicale et syntaxique de SVGgenerator}{}% 2
\BOOKMARK [1][-]{section.1.1}{D\351finition d'une grammaire}{chapter.1}% 3
\BOOKMARK [2][-]{subsection.1.1.1}{D\351finition d'une image vectorielle}{section.1.1}% 4
\BOOKMARK [2][-]{subsection.1.1.2}{Les instructions}{section.1.1}% 5
\BOOKMARK [2][-]{subsection.1.1.3}{Les types}{section.1.1}% 6
\BOOKMARK [2][-]{subsection.1.1.4}{Les commentaires}{section.1.1}% 7
\BOOKMARK [2][-]{subsection.1.1.5}{La grammaire}{section.1.1}% 8
\BOOKMARK [1][-]{section.1.2}{L'analyse lexicale}{chapter.1}% 9
\BOOKMARK [1][-]{section.1.3}{L'analyse syntaxique}{chapter.1}% 10
\BOOKMARK [0][-]{chapter.2}{Transformation de l'arbre binaire}{}% 11
\BOOKMARK [1][-]{section.2.1}{L'appel d'eval\137val}{chapter.2}% 12
\BOOKMARK [1][-]{section.2.2}{L'appel d'execute\137the\137code}{chapter.2}% 13
\BOOKMARK [1][-]{section.2.3}{Gestion des d\351clarations}{chapter.2}% 14
\BOOKMARK [2][-]{subsection.2.3.1}{D\351claration de variables}{section.2.3}% 15
\BOOKMARK [2][-]{subsection.2.3.2}{D\351claration de fonctions}{section.2.3}% 16
\BOOKMARK [1][-]{section.2.4}{Gestion de l'acc\350s aux propri\351t\351s des objets}{chapter.2}% 17
\BOOKMARK [2][-]{subsection.2.4.1}{Affectaion}{section.2.4}% 18
\BOOKMARK [1][-]{section.2.5}{Gestion de la recopie de code pour l'ex\351cution des proc\351dures}{chapter.2}% 19
\BOOKMARK [1][-]{section.2.6}{Notion de visibilit\351 pour les variables}{chapter.2}% 20
